<?xml version="1.0" encoding="UTF-8"?>
<!-- Generated by org.testng.reporters.JUnitXMLReporter -->
<testsuite ignored="0" hostname="Meena-Laptop" failures="0" tests="1" name="Default test" time="0.029" errors="0" timestamp="2024-11-15T19:41:49 CST">
  <testcase classname="base.BaseTest" name="@BeforeSuite startServer" time="0.084">
    <failure type="io.appium.java_client.service.local.AppiumServerHasNotBeenStartedLocallyException" message="Appium HTTP server has started and is listening although we were unable to get an OK response from http://127.0.0.1:4723/status. Make sure both the client and the server use the same base path &amp;apos;/&amp;apos; and check the server log for possible error messages occurrences.
Response status code: 404
Response payload: {&amp;quot;status&amp;quot;:9,&amp;quot;value&amp;quot;:{&amp;quot;error&amp;quot;:&amp;quot;unknown command&amp;quot;,&amp;quot;message&amp;quot;:&amp;quot;The requested resource could not be found, or a request was received using an HTTP method that is not supported by the mapped resource&amp;quot;,&amp;quot;stacktrace&amp;quot;:&amp;quot;&amp;quot;}}
Node.js executable path: C:\Program Files\nodejs\node.exe
Arguments: [C:\Users\mohan\AppData\Roaming\npm\node_modules\appium\build\lib\main.js, --port, 4723, --address, 127.0.0.1]">
      <![CDATA[io.appium.java_client.service.local.AppiumServerHasNotBeenStartedLocallyException: Appium HTTP server has started and is listening although we were unable to get an OK response from http://127.0.0.1:4723/status. Make sure both the client and the server use the same base path '/' and check the server log for possible error messages occurrences.
Response status code: 404
Response payload: {"status":9,"value":{"error":"unknown command","message":"The requested resource could not be found, or a request was received using an HTTP method that is not supported by the mapped resource","stacktrace":""}}
Node.js executable path: C:\Program Files\nodejs\node.exe
Arguments: [C:\Users\mohan\AppData\Roaming\npm\node_modules\appium\build\lib\main.js, --port, 4723, --address, 127.0.0.1]
at io.appium.java_client.service.local.AppiumDriverLocalService.start(AppiumDriverLocalService.java:192)
at base.BaseTest.startServer(BaseTest.java:29)
at java.base/jdk.internal.reflect.DirectMethodHandleAccessor.invoke(DirectMethodHandleAccessor.java:103)
at java.base/java.lang.reflect.Method.invoke(Method.java:580)
at org.testng.internal.invokers.MethodInvocationHelper.invokeMethod(MethodInvocationHelper.java:139)
at org.testng.internal.invokers.MethodInvocationHelper.invokeMethodConsideringTimeout(MethodInvocationHelper.java:69)
at org.testng.internal.invokers.ConfigInvoker.invokeConfigurationMethod(ConfigInvoker.java:390)
at org.testng.internal.invokers.ConfigInvoker.invokeConfigurations(ConfigInvoker.java:325)
at org.testng.SuiteRunner.privateRun(SuiteRunner.java:382)
at org.testng.SuiteRunner.run(SuiteRunner.java:336)
at org.testng.SuiteRunnerWorker.runSuite(SuiteRunnerWorker.java:52)
at org.testng.SuiteRunnerWorker.run(SuiteRunnerWorker.java:95)
at org.testng.TestNG.runSuitesSequentially(TestNG.java:1280)
at org.testng.TestNG.runSuitesLocally(TestNG.java:1200)
at org.testng.TestNG.runSuites(TestNG.java:1114)
at org.testng.TestNG.run(TestNG.java:1082)
at org.testng.remote.AbstractRemoteTestNG.run(AbstractRemoteTestNG.java:115)
at org.testng.remote.RemoteTestNG.initAndRun(RemoteTestNG.java:293)
at org.testng.remote.RemoteTestNG.main(RemoteTestNG.java:91)
Caused by: io.appium.java_client.service.local.AppiumServerAvailabilityChecker$ConnectionError: ConnectionError
at io.appium.java_client.service.local.AppiumServerAvailabilityChecker.checkResponse(AppiumServerAvailabilityChecker.java:91)
at io.appium.java_client.service.local.AppiumServerAvailabilityChecker.waitUntilAvailable(AppiumServerAvailabilityChecker.java:62)
at io.appium.java_client.service.local.AppiumDriverLocalService.ping(AppiumDriverLocalService.java:144)
at io.appium.java_client.service.local.AppiumDriverLocalService.start(AppiumDriverLocalService.java:185)
... 18 more
]]>
    </failure>
  </testcase> <!-- @BeforeSuite startServer -->
  <testcase classname="tests.HomeTest" name="launchApp" time="0.001">
    <skipped/>
  </testcase> <!-- launchApp -->
</testsuite> <!-- Default test -->
