<?xml version="1.0" encoding="UTF-8"?>
<!-- Generated by org.testng.reporters.JUnitXMLReporter -->
<testsuite ignored="0" hostname="Meena-Laptop" failures="0" tests="3" name="Test" time="25.803" errors="0" timestamp="2024-11-17T19:58:58 CST">
  <testcase classname="tests.HomeTest" name="launchApp_TC1" time="5.714"/>
  <testcase classname="tests.HomeTest" name="verifyHomePageFields_TC2" time="13.388"/>
  <testcase classname="tests.HomeTest" name="verifyMandatoryFields_TC3" time="6.519"/>
</testsuite> <!-- Test -->
