<?xml version="1.0" encoding="UTF-8"?>
<!-- Generated by org.testng.reporters.JUnitXMLReporter -->
<testsuite ignored="0" hostname="Meena-Laptop" failures="0" tests="3" name="Test1" time="26.463" errors="0" timestamp="2024-11-17T20:13:42 CST">
  <testcase classname="tests.HomeTest" name="launchApp_TC1" time="6.866"/>
  <testcase classname="tests.HomeTest" name="verifyHomePageFields_TC2" time="13.027"/>
  <testcase classname="tests.HomeTest" name="verifyMandatoryFields_TC3" time="6.403"/>
</testsuite> <!-- Test1 -->
